INFO - 01-Nov-20 18:18:09 - Init started
INFO - 01-Nov-20 18:18:09 - Init finished
INFO - 01-Nov-20 18:18:09 - task has been started
INFO - 01-Nov-20 18:18:09 - create_container has been started
INFO - 01-Nov-20 18:18:09 - Request URL: 'https://bds01tro.blob.core.windows.net/trotsenkodaniil?restype=REDACTED&sv=REDACTED&ss=REDACTED&srt=REDACTED&sp=REDACTED&se=REDACTED&st=REDACTED&spr=REDACTED&sig=REDACTED'
INFO - 01-Nov-20 18:18:09 - Request method: 'PUT'
INFO - 01-Nov-20 18:18:09 - Request headers:
INFO - 01-Nov-20 18:18:09 -     'x-ms-version': 'REDACTED'
INFO - 01-Nov-20 18:18:09 -     'x-ms-date': 'REDACTED'
INFO - 01-Nov-20 18:18:09 -     'x-ms-client-request-id': 'd51a4b56-1c5d-11eb-9b57-04d4c47a1bd8'
INFO - 01-Nov-20 18:18:09 -     'User-Agent': 'azsdk-python-storage-blob/12.5.0 Python/3.8.5 (Windows-10-10.0.17763-SP0)'
INFO - 01-Nov-20 18:18:09 - No body was attached to the request
INFO - 01-Nov-20 18:18:10 - Response status: 201
INFO - 01-Nov-20 18:18:10 - Response headers:
INFO - 01-Nov-20 18:18:10 -     'Content-Length': '0'
INFO - 01-Nov-20 18:18:10 -     'Last-Modified': 'Sun, 01 Nov 2020 16:18:10 GMT'
INFO - 01-Nov-20 18:18:10 -     'ETag': '"0x8D87E81B9FC647C"'
INFO - 01-Nov-20 18:18:10 -     'Server': 'Windows-Azure-Blob/1.0 Microsoft-HTTPAPI/2.0'
INFO - 01-Nov-20 18:18:10 -     'x-ms-request-id': '1fbfa44f-c01e-0040-156a-b0fe40000000'
INFO - 01-Nov-20 18:18:10 -     'x-ms-client-request-id': 'd51a4b56-1c5d-11eb-9b57-04d4c47a1bd8'
INFO - 01-Nov-20 18:18:10 -     'x-ms-version': 'REDACTED'
INFO - 01-Nov-20 18:18:10 -     'Date': 'Sun, 01 Nov 2020 16:18:10 GMT'
INFO - 01-Nov-20 18:18:10 - create_container has been finished
INFO - 01-Nov-20 18:18:10 - upload_file has been started
INFO - 01-Nov-20 18:18:10 - upload_file has been finished
INFO - 01-Nov-20 18:18:10 - upload_blob has been finished
INFO - 01-Nov-20 18:18:10 - Request URL: 'https://bds01tro.blob.core.windows.net/trotsenkodaniil/IndianFoodDatasetCSV.csv?sv=REDACTED&ss=REDACTED&srt=REDACTED&sp=REDACTED&se=REDACTED&st=REDACTED&spr=REDACTED&sig=REDACTED'
INFO - 01-Nov-20 18:18:10 - Request method: 'PUT'
INFO - 01-Nov-20 18:18:10 - Request headers:
INFO - 01-Nov-20 18:18:10 -     'Content-Type': 'application/octet-stream'
INFO - 01-Nov-20 18:18:10 -     'Content-Length': '24151935'
INFO - 01-Nov-20 18:18:10 -     'x-ms-version': 'REDACTED'
INFO - 01-Nov-20 18:18:10 -     'x-ms-blob-type': 'REDACTED'
INFO - 01-Nov-20 18:18:10 -     'If-None-Match': '*'
INFO - 01-Nov-20 18:18:10 -     'x-ms-date': 'REDACTED'
INFO - 01-Nov-20 18:18:10 -     'x-ms-client-request-id': 'd55a510f-1c5d-11eb-9ffb-04d4c47a1bd8'
INFO - 01-Nov-20 18:18:10 -     'User-Agent': 'azsdk-python-storage-blob/12.5.0 Python/3.8.5 (Windows-10-10.0.17763-SP0)'
INFO - 01-Nov-20 18:18:10 - A body is sent with the request
INFO - 01-Nov-20 18:18:13 - Response status: 201
INFO - 01-Nov-20 18:18:13 - Response headers:
INFO - 01-Nov-20 18:18:13 -     'Content-Length': '0'
INFO - 01-Nov-20 18:18:13 -     'Content-MD5': 'REDACTED'
INFO - 01-Nov-20 18:18:13 -     'Last-Modified': 'Sun, 01 Nov 2020 16:18:14 GMT'
INFO - 01-Nov-20 18:18:13 -     'ETag': '"0x8D87E81BBF49431"'
INFO - 01-Nov-20 18:18:13 -     'Server': 'Windows-Azure-Blob/1.0 Microsoft-HTTPAPI/2.0'
INFO - 01-Nov-20 18:18:13 -     'x-ms-request-id': '1fbfa463-c01e-0040-236a-b0fe40000000'
INFO - 01-Nov-20 18:18:13 -     'x-ms-client-request-id': 'd55a510f-1c5d-11eb-9ffb-04d4c47a1bd8'
INFO - 01-Nov-20 18:18:13 -     'x-ms-version': 'REDACTED'
INFO - 01-Nov-20 18:18:13 -     'x-ms-content-crc64': 'REDACTED'
INFO - 01-Nov-20 18:18:13 -     'x-ms-request-server-encrypted': 'REDACTED'
INFO - 01-Nov-20 18:18:13 -     'Date': 'Sun, 01 Nov 2020 16:18:13 GMT'
INFO - 01-Nov-20 18:18:13 - upload_blob has been finished
INFO - 01-Nov-20 18:18:13 - task has been finished
